Using pre-set license
Built from '2022.3/staging' branch; Version is '2022.3.23f1 (dbb3f7c5b5c6) revision 14398455'; Using compiler version '192829333'; Build Type 'Release'
OS: 'Windows 10  (10.0.19045) 64bit Professional' Language: 'ko' Physical Memory: 32654 MB
BatchMode: 1, IsHumanControllingUs: 0, StartBugReporterOnCrash: 0, Is64bit: 1, IsPro: 1

COMMAND LINE ARGUMENTS:
C:\Program Files\Unity\Hub\Editor\2022.3.23f1\Editor\Unity.exe
-adb2
-batchMode
-noUpm
-name
AssetImportWorker1
-projectPath
C:/Users/park/Desktop/Github/Unity/Save
-logFile
Logs/AssetImportWorker1.log
-srvPort
51719
Successfully changed project path to: C:/Users/park/Desktop/Github/Unity/Save
C:/Users/park/Desktop/Github/Unity/Save
[UnityMemory] Configuration Parameters - Can be set up in boot.config
    "memorysetup-bucket-allocator-granularity=16"
    "memorysetup-bucket-allocator-bucket-count=8"
    "memorysetup-bucket-allocator-block-size=33554432"
    "memorysetup-bucket-allocator-block-count=8"
    "memorysetup-main-allocator-block-size=16777216"
    "memorysetup-thread-allocator-block-size=16777216"
    "memorysetup-gfx-main-allocator-block-size=16777216"
    "memorysetup-gfx-thread-allocator-block-size=16777216"
    "memorysetup-cache-allocator-block-size=4194304"
    "memorysetup-typetree-allocator-block-size=2097152"
    "memorysetup-profiler-bucket-allocator-granularity=16"
    "memorysetup-profiler-bucket-allocator-bucket-count=8"
    "memorysetup-profiler-bucket-allocator-block-size=33554432"
    "memorysetup-profiler-bucket-allocator-block-count=8"
    "memorysetup-profiler-allocator-block-size=16777216"
    "memorysetup-profiler-editor-allocator-block-size=1048576"
    "memorysetup-temp-allocator-size-main=16777216"
    "memorysetup-job-temp-allocator-block-size=2097152"
    "memorysetup-job-temp-allocator-block-size-background=1048576"
    "memorysetup-job-temp-allocator-reduction-small-platforms=262144"
    "memorysetup-allocator-temp-initial-block-size-main=262144"
    "memorysetup-allocator-temp-initial-block-size-worker=262144"
    "memorysetup-temp-allocator-size-background-worker=32768"
    "memorysetup-temp-allocator-size-job-worker=262144"
    "memorysetup-temp-allocator-size-preload-manager=33554432"
    "memorysetup-temp-allocator-size-nav-mesh-worker=65536"
    "memorysetup-temp-allocator-size-audio-worker=65536"
    "memorysetup-temp-allocator-size-cloud-worker=32768"
    "memorysetup-temp-allocator-size-gi-baking-worker=262144"
    "memorysetup-temp-allocator-size-gfx=262144"
Player connection [47372] Host "[IP] 192.168.0.30 [Port] 0 [Flags] 2 [Guid] 4021120762 [EditorId] 4021120762 [Version] 1048832 [Id] WindowsEditor(7,DESKTOP-OIDCKV8) [Debug] 1 [PackageName] WindowsEditor [ProjectName] Editor" joined multi-casting on [225.0.0.222:54997]...

Player connection [47372] Host "[IP] 192.168.0.30 [Port] 0 [Flags] 2 [Guid] 4021120762 [EditorId] 4021120762 [Version] 1048832 [Id] WindowsEditor(7,DESKTOP-OIDCKV8) [Debug] 1 [PackageName] WindowsEditor [ProjectName] Editor" joined alternative multi-casting on [225.0.0.222:34997]...

[Physics::Module] Initialized MultithreadedJobDispatcher with 15 workers.
Refreshing native plugins compatible for Editor in 13.61 ms, found 3 plugins.
Preloading 0 native plugins for Editor in 0.00 ms.
Initialize engine version: 2022.3.23f1 (dbb3f7c5b5c6)
[Subsystems] Discovering subsystems at path C:/Program Files/Unity/Hub/Editor/2022.3.23f1/Editor/Data/Resources/UnitySubsystems
[Subsystems] Discovering subsystems at path C:/Users/park/Desktop/Github/Unity/Save/Assets
GfxDevice: creating device client; threaded=0; jobified=0
Direct3D:
    Version:  Direct3D 11.0 [level 11.1]
    Renderer: NVIDIA GeForce RTX 3080 (ID=0x2216)
    Vendor:   NVIDIA
    VRAM:     10053 MB
    Driver:   31.0.15.5222
Initialize mono
Mono path[0] = 'C:/Program Files/Unity/Hub/Editor/2022.3.23f1/Editor/Data/Managed'
Mono path[1] = 'C:/Program Files/Unity/Hub/Editor/2022.3.23f1/Editor/Data/MonoBleedingEdge/lib/mono/unityjit-win32'
Mono config path = 'C:/Program Files/Unity/Hub/Editor/2022.3.23f1/Editor/Data/MonoBleedingEdge/etc'
Using monoOptions --debugger-agent=transport=dt_socket,embedding=1,server=y,suspend=n,address=127.0.0.1:56052
Begin MonoManager ReloadAssembly
Registering precompiled unity dll's ...
Register platform support module: C:/Program Files/Unity/Hub/Editor/2022.3.23f1/Editor/Data/PlaybackEngines/AndroidPlayer/UnityEditor.Android.Extensions.dll
Register platform support module: C:/Program Files/Unity/Hub/Editor/2022.3.23f1/Editor/Data/PlaybackEngines/WindowsStandaloneSupport/UnityEditor.WindowsStandalone.Extensions.dll
Registered in 0.016271 seconds.
- Loaded All Assemblies, in  0.401 seconds
Native extension for WindowsStandalone target not found
Native extension for Android target not found
Android Extension - Scanning For ADB Devices 288 ms
Mono: successfully reloaded assembly
- Finished resetting the current domain, in  0.626 seconds
Domain Reload Profiling: 1023ms
	BeginReloadAssembly (115ms)
		ExecutionOrderSort (0ms)
		DisableScriptedObjects (0ms)
		BackupInstance (0ms)
		ReleaseScriptingObjects (0ms)
		CreateAndSetChildDomain (1ms)
	RebuildCommonClasses (36ms)
	RebuildNativeTypeToScriptingClass (11ms)
	initialDomainReloadingComplete (73ms)
	LoadAllAssembliesAndSetupDomain (162ms)
		LoadAssemblies (113ms)
		RebuildTransferFunctionScriptingTraits (0ms)
		AnalyzeDomain (159ms)
			TypeCache.Refresh (158ms)
				TypeCache.ScanAssembly (145ms)
			ScanForSourceGeneratedMonoScriptInfo (0ms)
			ResolveRequiredComponents (0ms)
	FinalizeReload (626ms)
		ReleaseScriptCaches (0ms)
		RebuildScriptCaches (0ms)
		SetupLoadedEditorAssemblies (564ms)
			LogAssemblyErrors (0ms)
			InitializePlatformSupportModulesInManaged (395ms)
			SetLoadedEditorAssemblies (5ms)
			RefreshPlugins (0ms)
			BeforeProcessingInitializeOnLoad (2ms)
			ProcessInitializeOnLoadAttributes (114ms)
			ProcessInitializeOnLoadMethodAttributes (47ms)
			AfterProcessingInitializeOnLoad (0ms)
			EditorAssembliesLoaded (0ms)
		ExecutionOrderSort2 (0ms)
		AwakeInstancesAfterBackupRestoration (0ms)
========================================================================
Worker process is ready to serve import requests
Begin MonoManager ReloadAssembly
- Loaded All Assemblies, in  0.774 seconds
Refreshing native plugins compatible for Editor in 5.80 ms, found 3 plugins.
Native extension for WindowsStandalone target not found
Native extension for Android target not found
Package Manager log level set to [2]
[Package Manager] Server::EnsureServerProcessIsRunning -- launch failed, reason: Unity was launched with the -noUpm command-line argument
[Package Manager] UpmClient::Send -- Unable to send message (not connected to UPM process).
[Package Manager] Cannot connect to Unity Package Manager local server
Mono: successfully reloaded assembly
- Finished resetting the current domain, in  0.812 seconds
Domain Reload Profiling: 1581ms
	BeginReloadAssembly (155ms)
		ExecutionOrderSort (0ms)
		DisableScriptedObjects (6ms)
		BackupInstance (0ms)
		ReleaseScriptingObjects (0ms)
		CreateAndSetChildDomain (23ms)
	RebuildCommonClasses (36ms)
	RebuildNativeTypeToScriptingClass (13ms)
	initialDomainReloadingComplete (46ms)
	LoadAllAssembliesAndSetupDomain (519ms)
		LoadAssemblies (401ms)
		RebuildTransferFunctionScriptingTraits (0ms)
		AnalyzeDomain (207ms)
			TypeCache.Refresh (182ms)
				TypeCache.ScanAssembly (161ms)
			ScanForSourceGeneratedMonoScriptInfo (16ms)
			ResolveRequiredComponents (7ms)
	FinalizeReload (812ms)
		ReleaseScriptCaches (0ms)
		RebuildScriptCaches (0ms)
		SetupLoadedEditorAssemblies (636ms)
			LogAssemblyErrors (0ms)
			InitializePlatformSupportModulesInManaged (29ms)
			SetLoadedEditorAssemblies (6ms)
			RefreshPlugins (0ms)
			BeforeProcessingInitializeOnLoad (122ms)
			ProcessInitializeOnLoadAttributes (443ms)
			ProcessInitializeOnLoadMethodAttributes (23ms)
			AfterProcessingInitializeOnLoad (14ms)
			EditorAssembliesLoaded (0ms)
		ExecutionOrderSort2 (0ms)
		AwakeInstancesAfterBackupRestoration (7ms)
Launched and connected shader compiler UnityShaderCompiler.exe after 0.05 seconds
Refreshing native plugins compatible for Editor in 6.12 ms, found 3 plugins.
Preloading 0 native plugins for Editor in 0.00 ms.
Unloading 3512 Unused Serialized files (Serialized files now loaded: 0)
Unloading 58 unused Assets / (1.4 MB). Loaded Objects now: 3961.
Memory consumption went from 158.2 MB to 156.8 MB.
Total: 3.814300 ms (FindLiveObjects: 0.526900 ms CreateObjectMapping: 0.111200 ms MarkObjects: 2.461200 ms  DeleteObjects: 0.713600 ms)

AssetImportParameters requested are different than current active one (requested -> active):
  custom:container-demuxer-ogg: 62fdf1f143b41e24485cea50d1cbac27 -> 
  custom:video-codec-MediaFoundation-h265: e54d7ab0439102e2317fc1e4b246158d -> 
  custom:video-decoder-ogg-theora: a1e56fd34408186e4bbccfd4996cb3dc -> 
  custom:framework-win-MediaFoundation: 216162199b28c13a410421893ffa2e32 -> 
  custom:CustomObjectIndexerAttribute: 9a22284fe3817be447336de3de66b15e -> 
  custom:container-demuxer-webm: 4f35f7cbe854078d1ac9338744f61a02 -> 
  custom:container-muxer-webm: aa71ff27fc2769a1b78a27578f13a17b -> 
  custom:video-decoder-webm-vp8: 9c59270c3fd7afecdb556c50c9e8de78 -> 
  custom:SearchIndexIgnoredProperties: e643bd26f0fe6173181afceb89e7c659 -> 
  custom:AudioImporter_EditorPlatform: d09bf68614088b80899f8185d706f6e7 -> 
  custom:video-encoder-webm-vp8: eb34c28f22e8b96e1ab97ce403110664 -> 
  custom:audio-decoder-ogg-vorbis: bf7c407c2cedff20999df2af8eb42d56 -> 
  custom:audio-encoder-webm-vorbis: bf7c407c2cedff20999df2af8eb42d56 -> 
========================================================================
Received Import Request.
  Time since last request: 1881097.924186 seconds.
  path: Assets/Spine/redash1/redash1_00.skel
  artifactKey: Guid(eddae97a0806cdc498bf7091a7199b44) Importer(815301076,1909f56bfc062723c751e8b465ee728b)
Start importing Assets/Spine/redash1/redash1_00.skel using Guid(eddae97a0806cdc498bf7091a7199b44) Importer(815301076,1909f56bfc062723c751e8b465ee728b)  -> (artifact id: '3062ebe5c4550aaa26595cb512c5e896') in 0.012156 seconds
Number of updated asset objects reloaded before import = 0
Number of asset objects unloaded after import = 1
========================================================================
Received Import Request.
  Time since last request: 0.000020 seconds.
  path: Assets/Spine/redash1/redash1_00.atlas
  artifactKey: Guid(a525464940e40b844aa9ed49ff292820) Importer(815301076,1909f56bfc062723c751e8b465ee728b)
Start importing Assets/Spine/redash1/redash1_00.atlas using Guid(a525464940e40b844aa9ed49ff292820) Importer(815301076,1909f56bfc062723c751e8b465ee728b)  -> (artifact id: '83416014f2441d5780c740a7ff0fa891') in 0.001221 seconds
Number of updated asset objects reloaded before import = 0
Number of asset objects unloaded after import = 1
========================================================================
Received Prepare
Begin MonoManager ReloadAssembly
- Loaded All Assemblies, in  0.632 seconds
Refreshing native plugins compatible for Editor in 6.33 ms, found 3 plugins.
Native extension for WindowsStandalone target not found
Native extension for Android target not found
[Package Manager] Server::EnsureServerProcessIsRunning -- launch failed, reason: Unity was launched with the -noUpm command-line argument
[Package Manager] UpmClient::Send -- Unable to send message (not connected to UPM process).
[Package Manager] Cannot connect to Unity Package Manager local server
Mono: successfully reloaded assembly
- Finished resetting the current domain, in  1.166 seconds
Domain Reload Profiling: 1792ms
	BeginReloadAssembly (176ms)
		ExecutionOrderSort (0ms)
		DisableScriptedObjects (5ms)
		BackupInstance (0ms)
		ReleaseScriptingObjects (0ms)
		CreateAndSetChildDomain (38ms)
	RebuildCommonClasses (37ms)
	RebuildNativeTypeToScriptingClass (11ms)
	initialDomainReloadingComplete (39ms)
	LoadAllAssembliesAndSetupDomain (363ms)
		LoadAssemblies (428ms)
		RebuildTransferFunctionScriptingTraits (0ms)
		AnalyzeDomain (30ms)
			TypeCache.Refresh (12ms)
				TypeCache.ScanAssembly (2ms)
			ScanForSourceGeneratedMonoScriptInfo (10ms)
			ResolveRequiredComponents (7ms)
	FinalizeReload (1166ms)
		ReleaseScriptCaches (0ms)
		RebuildScriptCaches (0ms)
		SetupLoadedEditorAssemblies (515ms)
			LogAssemblyErrors (0ms)
			InitializePlatformSupportModulesInManaged (29ms)
			SetLoadedEditorAssemblies (6ms)
			RefreshPlugins (0ms)
			BeforeProcessingInitializeOnLoad (115ms)
			ProcessInitializeOnLoadAttributes (331ms)
			ProcessInitializeOnLoadMethodAttributes (21ms)
			AfterProcessingInitializeOnLoad (12ms)
			EditorAssembliesLoaded (0ms)
		ExecutionOrderSort2 (0ms)
		AwakeInstancesAfterBackupRestoration (7ms)
Refreshing native plugins compatible for Editor in 6.18 ms, found 3 plugins.
Preloading 0 native plugins for Editor in 0.00 ms.
Unloading 3212 Unused Serialized files (Serialized files now loaded: 0)
Unloading 215 unused Assets / (128.3 KB). Loaded Objects now: 3783.
Memory consumption went from 136.7 MB to 136.5 MB.
Total: 2.787000 ms (FindLiveObjects: 0.303600 ms CreateObjectMapping: 0.095100 ms MarkObjects: 2.166600 ms  DeleteObjects: 0.220500 ms)

Prepare: number of updated asset objects reloaded= 32
AssetImportParameters requested are different than current active one (requested -> active):
  custom:container-demuxer-ogg: 62fdf1f143b41e24485cea50d1cbac27 -> 
  custom:video-codec-MediaFoundation-h265: e54d7ab0439102e2317fc1e4b246158d -> 
  custom:video-decoder-ogg-theora: a1e56fd34408186e4bbccfd4996cb3dc -> 
  custom:framework-win-MediaFoundation: 216162199b28c13a410421893ffa2e32 -> 
  custom:CustomObjectIndexerAttribute: 9a22284fe3817be447336de3de66b15e -> 
  custom:container-demuxer-webm: 4f35f7cbe854078d1ac9338744f61a02 -> 
  custom:container-muxer-webm: aa71ff27fc2769a1b78a27578f13a17b -> 
  custom:video-decoder-webm-vp8: 9c59270c3fd7afecdb556c50c9e8de78 -> 
  custom:SearchIndexIgnoredProperties: e643bd26f0fe6173181afceb89e7c659 -> 
  custom:AudioImporter_EditorPlatform: d09bf68614088b80899f8185d706f6e7 -> 
  custom:video-encoder-webm-vp8: eb34c28f22e8b96e1ab97ce403110664 -> 
  custom:audio-decoder-ogg-vorbis: bf7c407c2cedff20999df2af8eb42d56 -> 
  custom:audio-encoder-webm-vorbis: bf7c407c2cedff20999df2af8eb42d56 -> 
========================================================================
Received Prepare
Begin MonoManager ReloadAssembly
- Loaded All Assemblies, in  0.685 seconds
Refreshing native plugins compatible for Editor in 7.32 ms, found 3 plugins.
Native extension for WindowsStandalone target not found
Native extension for Android target not found
[Package Manager] Server::EnsureServerProcessIsRunning -- launch failed, reason: Unity was launched with the -noUpm command-line argument
[Package Manager] UpmClient::Send -- Unable to send message (not connected to UPM process).
[Package Manager] Cannot connect to Unity Package Manager local server
Mono: successfully reloaded assembly
- Finished resetting the current domain, in  1.188 seconds
Domain Reload Profiling: 1866ms
	BeginReloadAssembly (193ms)
		ExecutionOrderSort (0ms)
		DisableScriptedObjects (6ms)
		BackupInstance (0ms)
		ReleaseScriptingObjects (0ms)
		CreateAndSetChildDomain (45ms)
	RebuildCommonClasses (40ms)
	RebuildNativeTypeToScriptingClass (14ms)
	initialDomainReloadingComplete (43ms)
	LoadAllAssembliesAndSetupDomain (388ms)
		LoadAssemblies (462ms)
		RebuildTransferFunctionScriptingTraits (0ms)
		AnalyzeDomain (33ms)
			TypeCache.Refresh (14ms)
				TypeCache.ScanAssembly (5ms)
			ScanForSourceGeneratedMonoScriptInfo (9ms)
			ResolveRequiredComponents (9ms)
	FinalizeReload (1188ms)
		ReleaseScriptCaches (0ms)
		RebuildScriptCaches (0ms)
		SetupLoadedEditorAssemblies (530ms)
			LogAssemblyErrors (0ms)
			InitializePlatformSupportModulesInManaged (29ms)
			SetLoadedEditorAssemblies (6ms)
			RefreshPlugins (0ms)
			BeforeProcessingInitializeOnLoad (123ms)
			ProcessInitializeOnLoadAttributes (338ms)
			ProcessInitializeOnLoadMethodAttributes (22ms)
			AfterProcessingInitializeOnLoad (11ms)
			EditorAssembliesLoaded (0ms)
		ExecutionOrderSort2 (0ms)
		AwakeInstancesAfterBackupRestoration (7ms)
Refreshing native plugins compatible for Editor in 6.56 ms, found 3 plugins.
Preloading 0 native plugins for Editor in 0.00 ms.
Unloading 3485 Unused Serialized files (Serialized files now loaded: 0)
Unloading 75 unused Assets / (3.8 MB). Loaded Objects now: 3936.
Memory consumption went from 154.5 MB to 150.7 MB.
Total: 4.260900 ms (FindLiveObjects: 0.290100 ms CreateObjectMapping: 0.101200 ms MarkObjects: 2.142800 ms  DeleteObjects: 1.725200 ms)

Prepare: number of updated asset objects reloaded= 49
AssetImportParameters requested are different than current active one (requested -> active):
  custom:container-demuxer-ogg: 62fdf1f143b41e24485cea50d1cbac27 -> 
  custom:video-codec-MediaFoundation-h265: e54d7ab0439102e2317fc1e4b246158d -> 
  custom:video-decoder-ogg-theora: a1e56fd34408186e4bbccfd4996cb3dc -> 
  custom:framework-win-MediaFoundation: 216162199b28c13a410421893ffa2e32 -> 
  custom:CustomObjectIndexerAttribute: 9a22284fe3817be447336de3de66b15e -> 
  custom:container-demuxer-webm: 4f35f7cbe854078d1ac9338744f61a02 -> 
  custom:container-muxer-webm: aa71ff27fc2769a1b78a27578f13a17b -> 
  custom:video-decoder-webm-vp8: 9c59270c3fd7afecdb556c50c9e8de78 -> 
  custom:SearchIndexIgnoredProperties: e643bd26f0fe6173181afceb89e7c659 -> 
  custom:AudioImporter_EditorPlatform: d09bf68614088b80899f8185d706f6e7 -> 
  custom:video-encoder-webm-vp8: eb34c28f22e8b96e1ab97ce403110664 -> 
  custom:audio-decoder-ogg-vorbis: bf7c407c2cedff20999df2af8eb42d56 -> 
  custom:audio-encoder-webm-vorbis: bf7c407c2cedff20999df2af8eb42d56 -> 
========================================================================
Received Prepare
Begin MonoManager ReloadAssembly
- Loaded All Assemblies, in  0.578 seconds
Refreshing native plugins compatible for Editor in 5.47 ms, found 3 plugins.
Native extension for WindowsStandalone target not found
Native extension for Android target not found
[Package Manager] Server::EnsureServerProcessIsRunning -- launch failed, reason: Unity was launched with the -noUpm command-line argument
[Package Manager] UpmClient::Send -- Unable to send message (not connected to UPM process).
[Package Manager] Cannot connect to Unity Package Manager local server
Mono: successfully reloaded assembly
- Finished resetting the current domain, in  1.116 seconds
Domain Reload Profiling: 1689ms
	BeginReloadAssembly (167ms)
		ExecutionOrderSort (0ms)
		DisableScriptedObjects (6ms)
		BackupInstance (0ms)
		ReleaseScriptingObjects (0ms)
		CreateAndSetChildDomain (37ms)
	RebuildCommonClasses (34ms)
	RebuildNativeTypeToScriptingClass (15ms)
	initialDomainReloadingComplete (41ms)
	LoadAllAssembliesAndSetupDomain (316ms)
		LoadAssemblies (389ms)
		RebuildTransferFunctionScriptingTraits (0ms)
		AnalyzeDomain (17ms)
			TypeCache.Refresh (6ms)
				TypeCache.ScanAssembly (0ms)
			ScanForSourceGeneratedMonoScriptInfo (0ms)
			ResolveRequiredComponents (9ms)
	FinalizeReload (1117ms)
		ReleaseScriptCaches (0ms)
		RebuildScriptCaches (0ms)
		SetupLoadedEditorAssemblies (543ms)
			LogAssemblyErrors (0ms)
			InitializePlatformSupportModulesInManaged (29ms)
			SetLoadedEditorAssemblies (6ms)
			RefreshPlugins (0ms)
			BeforeProcessingInitializeOnLoad (125ms)
			ProcessInitializeOnLoadAttributes (346ms)
			ProcessInitializeOnLoadMethodAttributes (24ms)
			AfterProcessingInitializeOnLoad (13ms)
			EditorAssembliesLoaded (0ms)
		ExecutionOrderSort2 (0ms)
		AwakeInstancesAfterBackupRestoration (10ms)
Refreshing native plugins compatible for Editor in 6.33 ms, found 3 plugins.
Preloading 0 native plugins for Editor in 0.00 ms.
Unloading 3483 Unused Serialized files (Serialized files now loaded: 0)
Unloading 75 unused Assets / (3.8 MB). Loaded Objects now: 3939.
Memory consumption went from 155.9 MB to 152.1 MB.
Total: 4.878800 ms (FindLiveObjects: 0.317400 ms CreateObjectMapping: 0.092600 ms MarkObjects: 2.711200 ms  DeleteObjects: 1.756400 ms)

Prepare: number of updated asset objects reloaded= 0
AssetImportParameters requested are different than current active one (requested -> active):
  custom:container-demuxer-ogg: 62fdf1f143b41e24485cea50d1cbac27 -> 
  custom:video-codec-MediaFoundation-h265: e54d7ab0439102e2317fc1e4b246158d -> 
  custom:video-decoder-ogg-theora: a1e56fd34408186e4bbccfd4996cb3dc -> 
  custom:framework-win-MediaFoundation: 216162199b28c13a410421893ffa2e32 -> 
  custom:CustomObjectIndexerAttribute: 9a22284fe3817be447336de3de66b15e -> 
  custom:container-demuxer-webm: 4f35f7cbe854078d1ac9338744f61a02 -> 
  custom:container-muxer-webm: aa71ff27fc2769a1b78a27578f13a17b -> 
  custom:video-decoder-webm-vp8: 9c59270c3fd7afecdb556c50c9e8de78 -> 
  custom:SearchIndexIgnoredProperties: e643bd26f0fe6173181afceb89e7c659 -> 
  custom:AudioImporter_EditorPlatform: d09bf68614088b80899f8185d706f6e7 -> 
  custom:video-encoder-webm-vp8: eb34c28f22e8b96e1ab97ce403110664 -> 
  custom:audio-decoder-ogg-vorbis: bf7c407c2cedff20999df2af8eb42d56 -> 
  custom:audio-encoder-webm-vorbis: bf7c407c2cedff20999df2af8eb42d56 -> 
========================================================================
Received Prepare
Begin MonoManager ReloadAssembly
- Loaded All Assemblies, in  0.590 seconds
Refreshing native plugins compatible for Editor in 6.39 ms, found 3 plugins.
Native extension for WindowsStandalone target not found
Native extension for Android target not found
[Package Manager] Server::EnsureServerProcessIsRunning -- launch failed, reason: Unity was launched with the -noUpm command-line argument
[Package Manager] UpmClient::Send -- Unable to send message (not connected to UPM process).
[Package Manager] Cannot connect to Unity Package Manager local server
Mono: successfully reloaded assembly
- Finished resetting the current domain, in  1.170 seconds
Domain Reload Profiling: 1752ms
	BeginReloadAssembly (168ms)
		ExecutionOrderSort (0ms)
		DisableScriptedObjects (5ms)
		BackupInstance (0ms)
		ReleaseScriptingObjects (0ms)
		CreateAndSetChildDomain (34ms)
	RebuildCommonClasses (38ms)
	RebuildNativeTypeToScriptingClass (16ms)
	initialDomainReloadingComplete (38ms)
	LoadAllAssembliesAndSetupDomain (321ms)
		LoadAssemblies (402ms)
		RebuildTransferFunctionScriptingTraits (0ms)
		AnalyzeDomain (15ms)
			TypeCache.Refresh (6ms)
				TypeCache.ScanAssembly (0ms)
			ScanForSourceGeneratedMonoScriptInfo (0ms)
			ResolveRequiredComponents (8ms)
	FinalizeReload (1171ms)
		ReleaseScriptCaches (0ms)
		RebuildScriptCaches (0ms)
		SetupLoadedEditorAssemblies (566ms)
			LogAssemblyErrors (0ms)
			InitializePlatformSupportModulesInManaged (31ms)
			SetLoadedEditorAssemblies (6ms)
			RefreshPlugins (0ms)
			BeforeProcessingInitializeOnLoad (124ms)
			ProcessInitializeOnLoadAttributes (361ms)
			ProcessInitializeOnLoadMethodAttributes (26ms)
			AfterProcessingInitializeOnLoad (18ms)
			EditorAssembliesLoaded (0ms)
		ExecutionOrderSort2 (0ms)
		AwakeInstancesAfterBackupRestoration (8ms)
Refreshing native plugins compatible for Editor in 6.22 ms, found 3 plugins.
Preloading 0 native plugins for Editor in 0.00 ms.
Unloading 3483 Unused Serialized files (Serialized files now loaded: 0)
Unloading 75 unused Assets / (3.7 MB). Loaded Objects now: 3942.
Memory consumption went from 157.8 MB to 154.0 MB.
Total: 4.603400 ms (FindLiveObjects: 0.339900 ms CreateObjectMapping: 0.096900 ms MarkObjects: 2.265600 ms  DeleteObjects: 1.899700 ms)

Prepare: number of updated asset objects reloaded= 0
AssetImportParameters requested are different than current active one (requested -> active):
  custom:container-demuxer-ogg: 62fdf1f143b41e24485cea50d1cbac27 -> 
  custom:video-codec-MediaFoundation-h265: e54d7ab0439102e2317fc1e4b246158d -> 
  custom:video-decoder-ogg-theora: a1e56fd34408186e4bbccfd4996cb3dc -> 
  custom:framework-win-MediaFoundation: 216162199b28c13a410421893ffa2e32 -> 
  custom:CustomObjectIndexerAttribute: 9a22284fe3817be447336de3de66b15e -> 
  custom:container-demuxer-webm: 4f35f7cbe854078d1ac9338744f61a02 -> 
  custom:container-muxer-webm: aa71ff27fc2769a1b78a27578f13a17b -> 
  custom:video-decoder-webm-vp8: 9c59270c3fd7afecdb556c50c9e8de78 -> 
  custom:SearchIndexIgnoredProperties: e643bd26f0fe6173181afceb89e7c659 -> 
  custom:AudioImporter_EditorPlatform: d09bf68614088b80899f8185d706f6e7 -> 
  custom:video-encoder-webm-vp8: eb34c28f22e8b96e1ab97ce403110664 -> 
  custom:audio-decoder-ogg-vorbis: bf7c407c2cedff20999df2af8eb42d56 -> 
  custom:audio-encoder-webm-vorbis: bf7c407c2cedff20999df2af8eb42d56 -> 
========================================================================
Received Prepare
Begin MonoManager ReloadAssembly
- Loaded All Assemblies, in  0.569 seconds
Refreshing native plugins compatible for Editor in 6.17 ms, found 3 plugins.
Native extension for WindowsStandalone target not found
Native extension for Android target not found
[Package Manager] Server::EnsureServerProcessIsRunning -- launch failed, reason: Unity was launched with the -noUpm command-line argument
[Package Manager] UpmClient::Send -- Unable to send message (not connected to UPM process).
[Package Manager] Cannot connect to Unity Package Manager local server
Mono: successfully reloaded assembly
- Finished resetting the current domain, in  1.207 seconds
Domain Reload Profiling: 1770ms
	BeginReloadAssembly (164ms)
		ExecutionOrderSort (0ms)
		DisableScriptedObjects (6ms)
		BackupInstance (0ms)
		ReleaseScriptingObjects (0ms)
		CreateAndSetChildDomain (37ms)
	RebuildCommonClasses (37ms)
	RebuildNativeTypeToScriptingClass (11ms)
	initialDomainReloadingComplete (37ms)
	LoadAllAssembliesAndSetupDomain (313ms)
		LoadAssemblies (387ms)
		RebuildTransferFunctionScriptingTraits (0ms)
		AnalyzeDomain (14ms)
			TypeCache.Refresh (6ms)
				TypeCache.ScanAssembly (0ms)
			ScanForSourceGeneratedMonoScriptInfo (0ms)
			ResolveRequiredComponents (7ms)
	FinalizeReload (1207ms)
		ReleaseScriptCaches (0ms)
		RebuildScriptCaches (0ms)
		SetupLoadedEditorAssemblies (547ms)
			LogAssemblyErrors (0ms)
			InitializePlatformSupportModulesInManaged (34ms)
			SetLoadedEditorAssemblies (6ms)
			RefreshPlugins (0ms)
			BeforeProcessingInitializeOnLoad (126ms)
			ProcessInitializeOnLoadAttributes (340ms)
			ProcessInitializeOnLoadMethodAttributes (28ms)
			AfterProcessingInitializeOnLoad (12ms)
			EditorAssembliesLoaded (0ms)
		ExecutionOrderSort2 (0ms)
		AwakeInstancesAfterBackupRestoration (7ms)
Refreshing native plugins compatible for Editor in 5.57 ms, found 3 plugins.
Preloading 0 native plugins for Editor in 0.00 ms.
Unloading 3483 Unused Serialized files (Serialized files now loaded: 0)
Unloading 75 unused Assets / (3.7 MB). Loaded Objects now: 3945.
Memory consumption went from 159.7 MB to 156.0 MB.
Total: 4.718700 ms (FindLiveObjects: 0.355200 ms CreateObjectMapping: 0.241400 ms MarkObjects: 2.323100 ms  DeleteObjects: 1.797900 ms)

Prepare: number of updated asset objects reloaded= 0
AssetImportParameters requested are different than current active one (requested -> active):
  custom:container-demuxer-ogg: 62fdf1f143b41e24485cea50d1cbac27 -> 
  custom:video-codec-MediaFoundation-h265: e54d7ab0439102e2317fc1e4b246158d -> 
  custom:video-decoder-ogg-theora: a1e56fd34408186e4bbccfd4996cb3dc -> 
  custom:framework-win-MediaFoundation: 216162199b28c13a410421893ffa2e32 -> 
  custom:CustomObjectIndexerAttribute: 9a22284fe3817be447336de3de66b15e -> 
  custom:container-demuxer-webm: 4f35f7cbe854078d1ac9338744f61a02 -> 
  custom:container-muxer-webm: aa71ff27fc2769a1b78a27578f13a17b -> 
  custom:video-decoder-webm-vp8: 9c59270c3fd7afecdb556c50c9e8de78 -> 
  custom:SearchIndexIgnoredProperties: e643bd26f0fe6173181afceb89e7c659 -> 
  custom:AudioImporter_EditorPlatform: d09bf68614088b80899f8185d706f6e7 -> 
  custom:video-encoder-webm-vp8: eb34c28f22e8b96e1ab97ce403110664 -> 
  custom:audio-decoder-ogg-vorbis: bf7c407c2cedff20999df2af8eb42d56 -> 
  custom:audio-encoder-webm-vorbis: bf7c407c2cedff20999df2af8eb42d56 -> 
========================================================================
Received Import Request.
  Time since last request: 1783.935943 seconds.
  path: Assets/Spine Examples/Spine Skeletons/Dragon/dragon_SkeletonData.asset
  artifactKey: Guid(76506fa7fbeed084ab2dfb084648c628) Importer(815301076,1909f56bfc062723c751e8b465ee728b)
Start importing Assets/Spine Examples/Spine Skeletons/Dragon/dragon_SkeletonData.asset using Guid(76506fa7fbeed084ab2dfb084648c628) Importer(815301076,1909f56bfc062723c751e8b465ee728b) Problematic material setup at Spine GameObject (dragon): 
Warning: Premultiply-alpha atlas textures not supported in Linear color space!You can use a straight alpha texture with 'PMA Vertex Color' by choosing blend mode 'PMA Vertex, Straight Texture'.

If you have a PMA Texture, please
a) re-export atlas as straight alpha texture with 'premultiply alpha' unchecked
   (if you have already done this, please set the 'Straight Alpha Texture' Material parameter to 'true') or
b) switch to Gamma color space via
Project Settings - Player - Other Settings - Color Space.

Warning: Premultiply-alpha atlas textures not supported in Linear color space!You can use a straight alpha texture with 'PMA Vertex Color' by choosing blend mode 'PMA Vertex, Straight Texture'.

If you have a PMA Texture, please
a) re-export atlas as straight alpha texture with 'premultiply alpha' unchecked
   (if you have already done this, please set the 'Straight Alpha Texture' Material parameter to 'true') or
b) switch to Gamma color space via
Project Settings - Player - Other Settings - Color Space.

Warning: Premultiply-alpha atlas textures not supported in Linear color space!You can use a straight alpha texture with 'PMA Vertex Color' by choosing blend mode 'PMA Vertex, Straight Texture'.

If you have a PMA Texture, please
a) re-export atlas as straight alpha texture with 'premultiply alpha' unchecked
   (if you have already done this, please set the 'Straight Alpha Texture' Material parameter to 'true') or
b) switch to Gamma color space via
Project Settings - Player - Other Settings - Color Space.
UnityEngine.StackTraceUtility:ExtractStackTrace ()
UnityEngine.DebugLogHandler:LogFormat (UnityEngine.LogType,UnityEngine.Object,string,object[])
UnityEngine.Logger:LogFormat (UnityEngine.LogType,UnityEngine.Object,string,object[])
UnityEngine.Debug:LogWarningFormat (UnityEngine.Object,string,object[])
Spine.Unity.SkeletonRenderer:Initialize (bool,bool) (at Assets/Spine/Runtime/spine-unity/Components/SkeletonRenderer.cs:437)
Spine.Unity.SkeletonAnimation:Initialize (bool,bool) (at Assets/Spine/Runtime/spine-unity/Components/SkeletonAnimation.cs:188)
Spine.Unity.Editor.EditorInstantiation:InstantiateSkeletonAnimation (Spine.Unity.SkeletonDataAsset,Spine.Skin,bool,bool) (at Assets/Spine/Editor/spine-unity/Editor/Utility/AssetUtility.cs:1348)
Spine.Unity.Editor.EditorInstantiation:InstantiateSkeletonAnimation (Spine.Unity.SkeletonDataAsset,string,bool,bool) (at Assets/Spine/Editor/spine-unity/Editor/Utility/AssetUtility.cs:1318)
Spine.Unity.Editor.SkeletonInspectorPreview:Initialize (System.Action,Spine.Unity.SkeletonDataAsset,string) (at Assets/Spine/Editor/spine-unity/Editor/Asset Types/SkeletonDataAssetInspector.cs:869)
Spine.Unity.Editor.SkeletonDataAssetInspector:InitializeEditor () (at Assets/Spine/Editor/spine-unity/Editor/Asset Types/SkeletonDataAssetInspector.cs:150)
Spine.Unity.Editor.SkeletonDataAssetInspector:OnEnable () (at Assets/Spine/Editor/spine-unity/Editor/Asset Types/SkeletonDataAssetInspector.cs:84)
UnityEditor.Editor:CreateEditorWithContext (UnityEngine.Object[],UnityEngine.Object,System.Type)
UnityEditor.Editor:CreateEditor (UnityEngine.Object,System.Type)
UnityEditor.Editor:CreateEditor (UnityEngine.Object)
UnityEditor.AssetPreviewUpdater:CreatePreview (UnityEngine.Object,UnityEngine.Object[],string,int,int)
UnityEditor.AssetPreviewUpdater:CreatePreviewForAsset (UnityEngine.Object,UnityEngine.Object[],string)

(Filename: Assets/Spine/Runtime/spine-unity/Components/SkeletonRenderer.cs Line: 437)

 -> (artifact id: '2d16153e087c92ba3392e70fb43bcd28') in 0.415791 seconds
Number of updated asset objects reloaded before import = 0
Number of asset objects unloaded after import = 105
========================================================================
Received Import Request.
  Time since last request: 0.000044 seconds.
  path: Assets/Spine Examples/Spine Skeletons/Raggedy Spineboy/Raggedy Spineboy_SkeletonData.asset
  artifactKey: Guid(57484171e9b9c7243aa3117bc663e7b9) Importer(815301076,1909f56bfc062723c751e8b465ee728b)
Start importing Assets/Spine Examples/Spine Skeletons/Raggedy Spineboy/Raggedy Spineboy_SkeletonData.asset using Guid(57484171e9b9c7243aa3117bc663e7b9) Importer(815301076,1909f56bfc062723c751e8b465ee728b) Problematic material setup at Spine GameObject (Raggedy Spineboy): 
Warning: Premultiply-alpha atlas textures not supported in Linear color space!You can use a straight alpha texture with 'PMA Vertex Color' by choosing blend mode 'PMA Vertex, Straight Texture'.

If you have a PMA Texture, please
a) re-export atlas as straight alpha texture with 'premultiply alpha' unchecked
   (if you have already done this, please set the 'Straight Alpha Texture' Material parameter to 'true') or
b) switch to Gamma color space via
Project Settings - Player - Other Settings - Color Space.
UnityEngine.StackTraceUtility:ExtractStackTrace ()
UnityEngine.DebugLogHandler:LogFormat (UnityEngine.LogType,UnityEngine.Object,string,object[])
UnityEngine.Logger:LogFormat (UnityEngine.LogType,UnityEngine.Object,string,object[])
UnityEngine.Debug:LogWarningFormat (UnityEngine.Object,string,object[])
Spine.Unity.SkeletonRenderer:Initialize (bool,bool) (at Assets/Spine/Runtime/spine-unity/Components/SkeletonRenderer.cs:437)
Spine.Unity.SkeletonAnimation:Initialize (bool,bool) (at Assets/Spine/Runtime/spine-unity/Components/SkeletonAnimation.cs:188)
Spine.Unity.Editor.EditorInstantiation:InstantiateSkeletonAnimation (Spine.Unity.SkeletonDataAsset,Spine.Skin,bool,bool) (at Assets/Spine/Editor/spine-unity/Editor/Utility/AssetUtility.cs:1348)
Spine.Unity.Editor.EditorInstantiation:InstantiateSkeletonAnimation (Spine.Unity.SkeletonDataAsset,string,bool,bool) (at Assets/Spine/Editor/spine-unity/Editor/Utility/AssetUtility.cs:1318)
Spine.Unity.Editor.SkeletonInspectorPreview:Initialize (System.Action,Spine.Unity.SkeletonDataAsset,string) (at Assets/Spine/Editor/spine-unity/Editor/Asset Types/SkeletonDataAssetInspector.cs:869)
Spine.Unity.Editor.SkeletonDataAssetInspector:InitializeEditor () (at Assets/Spine/Editor/spine-unity/Editor/Asset Types/SkeletonDataAssetInspector.cs:150)
Spine.Unity.Editor.SkeletonDataAssetInspector:OnEnable () (at Assets/Spine/Editor/spine-unity/Editor/Asset Types/SkeletonDataAssetInspector.cs:84)
UnityEditor.Editor:CreateEditorWithContext (UnityEngine.Object[],UnityEngine.Object,System.Type)
UnityEditor.Editor:CreateEditor (UnityEngine.Object,System.Type)
UnityEditor.Editor:CreateEditor (UnityEngine.Object)
UnityEditor.AssetPreviewUpdater:CreatePreview (UnityEngine.Object,UnityEngine.Object[],string,int,int)
UnityEditor.AssetPreviewUpdater:CreatePreviewForAsset (UnityEngine.Object,UnityEngine.Object[],string)

(Filename: Assets/Spine/Runtime/spine-unity/Components/SkeletonRenderer.cs Line: 437)

 -> (artifact id: 'a064e67c450c39a01ce72633226e0cdb') in 0.050632 seconds
Number of updated asset objects reloaded before import = 0
Number of asset objects unloaded after import = 15
========================================================================
Received Import Request.
  Time since last request: 0.007884 seconds.
  path: Assets/Spine Examples/Spine Skeletons/FootSoldier/FootSoldier_SkeletonData.asset
  artifactKey: Guid(e57cdb51287d3924ebb2ececf816733b) Importer(815301076,1909f56bfc062723c751e8b465ee728b)
Start importing Assets/Spine Examples/Spine Skeletons/FootSoldier/FootSoldier_SkeletonData.asset using Guid(e57cdb51287d3924ebb2ececf816733b) Importer(815301076,1909f56bfc062723c751e8b465ee728b) Problematic material setup at Spine GameObject (FootSoldier): 
Warning: Premultiply-alpha atlas textures not supported in Linear color space!You can use a straight alpha texture with 'PMA Vertex Color' by choosing blend mode 'PMA Vertex, Straight Texture'.

If you have a PMA Texture, please
a) re-export atlas as straight alpha texture with 'premultiply alpha' unchecked
   (if you have already done this, please set the 'Straight Alpha Texture' Material parameter to 'true') or
b) switch to Gamma color space via
Project Settings - Player - Other Settings - Color Space.
UnityEngine.StackTraceUtility:ExtractStackTrace ()
UnityEngine.DebugLogHandler:LogFormat (UnityEngine.LogType,UnityEngine.Object,string,object[])
UnityEngine.Logger:LogFormat (UnityEngine.LogType,UnityEngine.Object,string,object[])
UnityEngine.Debug:LogWarningFormat (UnityEngine.Object,string,object[])
Spine.Unity.SkeletonRenderer:Initialize (bool,bool) (at Assets/Spine/Runtime/spine-unity/Components/SkeletonRenderer.cs:437)
Spine.Unity.SkeletonAnimation:Initialize (bool,bool) (at Assets/Spine/Runtime/spine-unity/Components/SkeletonAnimation.cs:188)
Spine.Unity.Editor.EditorInstantiation:InstantiateSkeletonAnimation (Spine.Unity.SkeletonDataAsset,Spine.Skin,bool,bool) (at Assets/Spine/Editor/spine-unity/Editor/Utility/AssetUtility.cs:1348)
Spine.Unity.Editor.EditorInstantiation:InstantiateSkeletonAnimation (Spine.Unity.SkeletonDataAsset,string,bool,bool) (at Assets/Spine/Editor/spine-unity/Editor/Utility/AssetUtility.cs:1318)
Spine.Unity.Editor.SkeletonInspectorPreview:Initialize (System.Action,Spine.Unity.SkeletonDataAsset,string) (at Assets/Spine/Editor/spine-unity/Editor/Asset Types/SkeletonDataAssetInspector.cs:869)
Spine.Unity.Editor.SkeletonDataAssetInspector:InitializeEditor () (at Assets/Spine/Editor/spine-unity/Editor/Asset Types/SkeletonDataAssetInspector.cs:150)
Spine.Unity.Editor.SkeletonDataAssetInspector:OnEnable () (at Assets/Spine/Editor/spine-unity/Editor/Asset Types/SkeletonDataAssetInspector.cs:84)
UnityEditor.Editor:CreateEditorWithContext (UnityEngine.Object[],UnityEngine.Object,System.Type)
UnityEditor.Editor:CreateEditor (UnityEngine.Object,System.Type)
UnityEditor.Editor:CreateEditor (UnityEngine.Object)
UnityEditor.AssetPreviewUpdater:CreatePreview (UnityEngine.Object,UnityEngine.Object[],string,int,int)
UnityEditor.AssetPreviewUpdater:CreatePreviewForAsset (UnityEngine.Object,UnityEngine.Object[],string)

(Filename: Assets/Spine/Runtime/spine-unity/Components/SkeletonRenderer.cs Line: 437)

 -> (artifact id: '5ae565ec177c9f7399ddd4abf291a511') in 0.096970 seconds
Number of updated asset objects reloaded before import = 0
Number of asset objects unloaded after import = 15
========================================================================
Received Import Request.
  Time since last request: 0.000022 seconds.
  path: Assets/Spine Examples/Spine Skeletons/mix-and-match/mix-and-match-pro_SkeletonData.asset
  artifactKey: Guid(91a60be3ea058c245b89efb440a49a58) Importer(815301076,1909f56bfc062723c751e8b465ee728b)
Start importing Assets/Spine Examples/Spine Skeletons/mix-and-match/mix-and-match-pro_SkeletonData.asset using Guid(91a60be3ea058c245b89efb440a49a58) Importer(815301076,1909f56bfc062723c751e8b465ee728b)  -> (artifact id: '1213c3577c2b4de6fabbe5b6f00852b6') in 0.571040 seconds
Number of updated asset objects reloaded before import = 0
Number of asset objects unloaded after import = 15
========================================================================
Received Import Request.
  Time since last request: 0.000015 seconds.
  path: Assets/Spine Examples/Spine Skeletons/whirlyblendmodes/whirlyblendmodes_SkeletonData.asset
  artifactKey: Guid(a515487a7cc6cca479d8c7c700c9145d) Importer(815301076,1909f56bfc062723c751e8b465ee728b)
Start importing Assets/Spine Examples/Spine Skeletons/whirlyblendmodes/whirlyblendmodes_SkeletonData.asset using Guid(a515487a7cc6cca479d8c7c700c9145d) Importer(815301076,1909f56bfc062723c751e8b465ee728b) Problematic material setup at Spine GameObject (whirlyblendmodes): 
Warning: Premultiply-alpha atlas textures not supported in Linear color space!You can use a straight alpha texture with 'PMA Vertex Color' by choosing blend mode 'PMA Vertex, Straight Texture'.

If you have a PMA Texture, please
a) re-export atlas as straight alpha texture with 'premultiply alpha' unchecked
   (if you have already done this, please set the 'Straight Alpha Texture' Material parameter to 'true') or
b) switch to Gamma color space via
Project Settings - Player - Other Settings - Color Space.

Warning: Premultiply-alpha atlas textures not supported in Linear color space!You can use a straight alpha texture with 'PMA Vertex Color' by choosing blend mode 'PMA Vertex, Straight Texture'.

If you have a PMA Texture, please
a) re-export atlas as straight alpha texture with 'premultiply alpha' unchecked
   (if you have already done this, please set the 'Straight Alpha Texture' Material parameter to 'true') or
b) switch to Gamma color space via
Project Settings - Player - Other Settings - Color Space.

Warning: Premultiply-alpha atlas textures not supported in Linear color space!You can use a straight alpha texture with 'PMA Vertex Color' by choosing blend mode 'PMA Vertex, Straight Texture'.

If you have a PMA Texture, please
a) re-export atlas as straight alpha texture with 'premultiply alpha' unchecked
   (if you have already done this, please set the 'Straight Alpha Texture' Material parameter to 'true') or
b) switch to Gamma color space via
Project Settings - Player - Other Settings - Color Space.

Warning: Premultiply-alpha atlas textures not supported in Linear color space!You can use a straight alpha texture with 'PMA Vertex Color' by choosing blend mode 'PMA Vertex, Straight Texture'.

If you have a PMA Texture, please
a) re-export atlas as straight alpha texture with 'premultiply alpha' unchecked
   (if you have already done this, please set the 'Straight Alpha Texture' Material parameter to 'true') or
b) switch to Gamma color space via
Project Settings - Player - Other Settings - Color Space.
UnityEngine.StackTraceUtility:ExtractStackTrace ()
UnityEngine.DebugLogHandler:LogFormat (UnityEngine.LogType,UnityEngine.Object,string,object[])
UnityEngine.Logger:LogFormat (UnityEngine.LogType,UnityEngine.Object,string,object[])
UnityEngine.Debug:LogWarningFormat (UnityEngine.Object,string,object[])
Spine.Unity.SkeletonRenderer:Initialize (bool,bool) (at Assets/Spine/Runtime/spine-unity/Components/SkeletonRenderer.cs:437)
Spine.Unity.SkeletonAnimation:Initialize (bool,bool) (at Assets/Spine/Runtime/spine-unity/Components/SkeletonAnimation.cs:188)
Spine.Unity.Editor.EditorInstantiation:InstantiateSkeletonAnimation (Spine.Unity.SkeletonDataAsset,Spine.Skin,bool,bool) (at Assets/Spine/Editor/spine-unity/Editor/Utility/AssetUtility.cs:1348)
Spine.Unity.Editor.EditorInstantiation:InstantiateSkeletonAnimation (Spine.Unity.SkeletonDataAsset,string,bool,bool) (at Assets/Spine/Editor/spine-unity/Editor/Utility/AssetUtility.cs:1318)
Spine.Unity.Editor.SkeletonInspectorPreview:Initialize (System.Action,Spine.Unity.SkeletonDataAsset,string) (at Assets/Spine/Editor/spine-unity/Editor/Asset Types/SkeletonDataAssetInspector.cs:869)
Spine.Unity.Editor.SkeletonDataAssetInspector:InitializeEditor () (at Assets/Spine/Editor/spine-unity/Editor/Asset Types/SkeletonDataAssetInspector.cs:150)
Spine.Unity.Editor.SkeletonDataAssetInspector:OnEnable () (at Assets/Spine/Editor/spine-unity/Editor/Asset Types/SkeletonDataAssetInspector.cs:84)
UnityEditor.Editor:CreateEditorWithContext (UnityEngine.Object[],UnityEngine.Object,System.Type)
UnityEditor.Editor:CreateEditor (UnityEngine.Object,System.Type)
UnityEditor.Editor:CreateEditor (UnityEngine.Object)
UnityEditor.AssetPreviewUpdater:CreatePreview (UnityEngine.Object,UnityEngine.Object[],string,int,int)
UnityEditor.AssetPreviewUpdater:CreatePreviewForAsset (UnityEngine.Object,UnityEngine.Object[],string)

(Filename: Assets/Spine/Runtime/spine-unity/Components/SkeletonRenderer.cs Line: 437)

 -> (artifact id: '6040570e8bb48be5bfb2556e42f5041d') in 0.046828 seconds
Number of updated asset objects reloaded before import = 0
Number of asset objects unloaded after import = 18
========================================================================
Received Prepare
Begin MonoManager ReloadAssembly
- Loaded All Assemblies, in  0.650 seconds
Refreshing native plugins compatible for Editor in 6.44 ms, found 3 plugins.
Native extension for WindowsStandalone target not found
Native extension for Android target not found
[Package Manager] Server::EnsureServerProcessIsRunning -- launch failed, reason: Unity was launched with the -noUpm command-line argument
[Package Manager] UpmClient::Send -- Unable to send message (not connected to UPM process).
[Package Manager] Cannot connect to Unity Package Manager local server
Mono: successfully reloaded assembly
- Finished resetting the current domain, in  1.283 seconds
Domain Reload Profiling: 1926ms
	BeginReloadAssembly (186ms)
		ExecutionOrderSort (0ms)
		DisableScriptedObjects (5ms)
		BackupInstance (0ms)
		ReleaseScriptingObjects (0ms)
		CreateAndSetChildDomain (43ms)
	RebuildCommonClasses (34ms)
	RebuildNativeTypeToScriptingClass (12ms)
	initialDomainReloadingComplete (46ms)
	LoadAllAssembliesAndSetupDomain (364ms)
		LoadAssemblies (450ms)
		RebuildTransferFunctionScriptingTraits (0ms)
		AnalyzeDomain (16ms)
			TypeCache.Refresh (6ms)
				TypeCache.ScanAssembly (0ms)
			ScanForSourceGeneratedMonoScriptInfo (0ms)
			ResolveRequiredComponents (9ms)
	FinalizeReload (1284ms)
		ReleaseScriptCaches (0ms)
		RebuildScriptCaches (0ms)
		SetupLoadedEditorAssemblies (630ms)
			LogAssemblyErrors (0ms)
			InitializePlatformSupportModulesInManaged (37ms)
			SetLoadedEditorAssemblies (8ms)
			RefreshPlugins (0ms)
			BeforeProcessingInitializeOnLoad (134ms)
			ProcessInitializeOnLoadAttributes (409ms)
			ProcessInitializeOnLoadMethodAttributes (28ms)
			AfterProcessingInitializeOnLoad (13ms)
			EditorAssembliesLoaded (0ms)
		ExecutionOrderSort2 (0ms)
		AwakeInstancesAfterBackupRestoration (7ms)
Refreshing native plugins compatible for Editor in 6.01 ms, found 3 plugins.
Preloading 0 native plugins for Editor in 0.00 ms.
Unloading 3482 Unused Serialized files (Serialized files now loaded: 0)
Unloading 70 unused Assets / (3.4 MB). Loaded Objects now: 3960.
Memory consumption went from 161.8 MB to 158.4 MB.
Total: 4.272100 ms (FindLiveObjects: 0.321200 ms CreateObjectMapping: 0.090800 ms MarkObjects: 2.202800 ms  DeleteObjects: 1.656200 ms)

Prepare: number of updated asset objects reloaded= 0
AssetImportParameters requested are different than current active one (requested -> active):
  custom:container-demuxer-ogg: 62fdf1f143b41e24485cea50d1cbac27 -> 
  custom:video-codec-MediaFoundation-h265: e54d7ab0439102e2317fc1e4b246158d -> 
  custom:video-decoder-ogg-theora: a1e56fd34408186e4bbccfd4996cb3dc -> 
  custom:framework-win-MediaFoundation: 216162199b28c13a410421893ffa2e32 -> 
  custom:CustomObjectIndexerAttribute: 9a22284fe3817be447336de3de66b15e -> 
  custom:container-demuxer-webm: 4f35f7cbe854078d1ac9338744f61a02 -> 
  custom:container-muxer-webm: aa71ff27fc2769a1b78a27578f13a17b -> 
  custom:video-decoder-webm-vp8: 9c59270c3fd7afecdb556c50c9e8de78 -> 
  custom:SearchIndexIgnoredProperties: e643bd26f0fe6173181afceb89e7c659 -> 
  custom:AudioImporter_EditorPlatform: d09bf68614088b80899f8185d706f6e7 -> 
  custom:video-encoder-webm-vp8: eb34c28f22e8b96e1ab97ce403110664 -> 
  custom:audio-decoder-ogg-vorbis: bf7c407c2cedff20999df2af8eb42d56 -> 
  custom:audio-encoder-webm-vorbis: bf7c407c2cedff20999df2af8eb42d56 -> 
Editor requested this worker to shutdown with reason: Scaling down because of idle timeout
TcpMessagingSession - receive error: operation aborted. errorcode: 995, details: 스레드 종료 또는 응용 프로그램 요청 때문에 I/O 작업이 취소되었습니다.
AssetImportWorker is now disconnected from the server
Process exiting
Exiting without the bug reporter. Application will terminate with return code 0